Using pretrained: True
number of unique_entities -> 1685
number of unique_entities -> 1539
number of unique_entities -> 1598
Training size 2 Val size 2 Test size 2
Initialised relations and entities from SSP
Graph created
length of graph keys is  1685
time taken  76.8219382762909
length of neighbors dict is  1685
Total triples count 192259, training triples 134598, validation_triples 19228, test_triples 38433
Opening node_neighbors pickle object
Initial entity dimensions torch.Size([1710, 50]) , relation dimensions torch.Size([86, 50])
Defining model
Only Conv model trained
Number of epochs 300

epoch->  0
Traceback (most recent call last):
  File "main.py", line 432, in <module>
    train_conv(args)
  File "main.py", line 384, in train_conv
    Corpus_, Corpus_.train_adj_matrix, train_indices)
  File "/scratch/bz1030/anaconda3/envs/capstone/lib/python3.7/site-packages/torch/nn/modules/module.py", line 541, in __call__
    result = self.forward(*input, **kwargs)
  File "/scratch/bz1030/anaconda3/envs/capstone/lib/python3.7/site-packages/torch/nn/parallel/data_parallel.py", line 150, in forward
    return self.module(*inputs[0], **kwargs[0])
  File "/scratch/bz1030/anaconda3/envs/capstone/lib/python3.7/site-packages/torch/nn/modules/module.py", line 541, in __call__
    result = self.forward(*input, **kwargs)
  File "/scratch/bz1030/relationPrediction/models.py", line 208, in forward
    out_conv = self.convKB(conv_input)
  File "/scratch/bz1030/anaconda3/envs/capstone/lib/python3.7/site-packages/torch/nn/modules/module.py", line 541, in __call__
    result = self.forward(*input, **kwargs)
  File "/scratch/bz1030/relationPrediction/layers.py", line 35, in forward
    self.non_linearity(self.conv_layer(conv_input)))
  File "/scratch/bz1030/anaconda3/envs/capstone/lib/python3.7/site-packages/torch/nn/modules/module.py", line 541, in __call__
    result = self.forward(*input, **kwargs)
  File "/scratch/bz1030/anaconda3/envs/capstone/lib/python3.7/site-packages/torch/nn/modules/activation.py", line 94, in forward
    return F.relu(input, inplace=self.inplace)
  File "/scratch/bz1030/anaconda3/envs/capstone/lib/python3.7/site-packages/torch/nn/functional.py", line 914, in relu
    result = torch.relu(input)
RuntimeError: CUDA out of memory. Tried to allocate 3.91 GiB (GPU 0; 7.93 GiB total capacity; 3.97 GiB already allocated; 3.46 GiB free; 19.10 MiB cached)
